<?xml version="1.0" encoding="UTF-8"?>
<robot generator="Robot 6.1.1 (Python 3.11.8 on darwin)" generated="20240311 17:40:52.028" rpa="false" schemaversion="4">
<suite id="s1" name="workBook-test" source="/Users/cococake/Desktop/Odds_Mar/Practing_Robot_1/test/workBook-test.robot">
<test id="s1-t1" name="Rows in the sheet" line="17">
<kw name="Open Workbook" library="RPA.Excel.Files" type="SETUP">
<arg>${EXCEL_FILE}</arg>
<doc>Open an existing Excel workbook.</doc>
<msg timestamp="20240311 17:40:53.046" level="INFO">Opened workbook: &lt;RPA.Excel.Files.XlsxWorkbook object at 0x10f713c50&gt;</msg>
<status status="PASS" starttime="20240311 17:40:52.912" endtime="20240311 17:40:53.047"/>
</kw>
<kw name="List Worksheets" library="RPA.Excel.Files">
<var>@{sheets}</var>
<doc>List all names of worksheets in the given workbook.</doc>
<msg timestamp="20240311 17:40:53.052" level="INFO">@{sheets} = [ Summary | โจรสลัด | Database | LeSSEx | SakSiam | SET-LiVE | FlatWhite | XSpring | TISCO | MedPark | Jago | Template ]</msg>
<status status="PASS" starttime="20240311 17:40:53.052" endtime="20240311 17:40:53.053"/>
</kw>
<kw name="Log" library="BuiltIn">
<arg>${sheets}</arg>
<doc>Logs the given message with the given level.</doc>
<msg timestamp="20240311 17:40:53.065" level="INFO">['Summary', 'โจรสลัด', 'Database', 'LeSSEx', 'SakSiam', 'SET-LiVE', 'FlatWhite', 'XSpring', 'TISCO', 'MedPark', 'Jago', 'Template']</msg>
<status status="PASS" starttime="20240311 17:40:53.065" endtime="20240311 17:40:53.066"/>
</kw>
<for flavor="IN">
<var>${sheet}</var>
<value>@{sheets}</value>
<iter>
<var name="${sheet}">Summary</var>
<kw name="Get row count in the sheet">
<var>${count}</var>
<arg>${sheet}</arg>
<kw name="Read Worksheet" library="RPA.Excel.Files">
<var>${sheet}</var>
<arg>${SHEET_NAME}</arg>
<doc>Read the content of a worksheet into a list of dictionaries.</doc>
<msg timestamp="20240311 17:40:53.078" level="INFO">${sheet} = [{'A': 'ODDS Access Card', 'B': None, 'C': None, 'D': None, 'E': 'ข่าวสาร'}, {'A': 'บ้าน', 'B': 'Access Cards', 'C': 'Cars', 'D': None, 'E': 'โปรดติดตามข้อมูลเกี่ยวกับ\nที่จอดรถยนต์ภายหลัง'}, {'A': 'โ...</msg>
<status status="PASS" starttime="20240311 17:40:53.072" endtime="20240311 17:40:53.078"/>
</kw>
<kw name="Get Length" library="BuiltIn">
<var>${rows}</var>
<arg>${sheet}</arg>
<doc>Returns and logs the length of the given item as an integer.</doc>
<msg timestamp="20240311 17:40:53.079" level="INFO">Length is 17</msg>
<msg timestamp="20240311 17:40:53.079" level="INFO">${rows} = 17</msg>
<status status="PASS" starttime="20240311 17:40:53.078" endtime="20240311 17:40:53.080"/>
</kw>
<msg timestamp="20240311 17:40:53.080" level="INFO">${count} = 17</msg>
<status status="PASS" starttime="20240311 17:40:53.071" endtime="20240311 17:40:53.080"/>
</kw>
<kw name="Log" library="BuiltIn">
<arg>CAKE say Worksheet ${sheet} has ${count} rows</arg>
<doc>Logs the given message with the given level.</doc>
<msg timestamp="20240311 17:40:53.081" level="INFO">CAKE say Worksheet Summary has 17 rows</msg>
<status status="PASS" starttime="20240311 17:40:53.080" endtime="20240311 17:40:53.085"/>
</kw>
<status status="PASS" starttime="20240311 17:40:53.070" endtime="20240311 17:40:53.085"/>
</iter>
<iter>
<var name="${sheet}">โจรสลัด</var>
<kw name="Get row count in the sheet">
<var>${count}</var>
<arg>${sheet}</arg>
<kw name="Read Worksheet" library="RPA.Excel.Files">
<var>${sheet}</var>
<arg>${SHEET_NAME}</arg>
<doc>Read the content of a worksheet into a list of dictionaries.</doc>
<msg timestamp="20240311 17:40:53.111" level="INFO">${sheet} = [{'A': 'Nickname', 'B': 'Name', 'C': 'Lastname', 'D': 'ชื่อเล่น', 'E': 'ชื่อ', 'F': 'นามสกุล', 'G': 'Email', 'H': 'Phone Number', 'I': 'รถยนต์ (1)', 'J': None, 'K': None, 'L': 'รถยนต์ (2)', 'M': None,...</msg>
<status status="PASS" starttime="20240311 17:40:53.090" endtime="20240311 17:40:53.111"/>
</kw>
<kw name="Get Length" library="BuiltIn">
<var>${rows}</var>
<arg>${sheet}</arg>
<doc>Returns and logs the length of the given item as an integer.</doc>
<msg timestamp="20240311 17:40:53.115" level="INFO">Length is 40</msg>
<msg timestamp="20240311 17:40:53.123" level="INFO">${rows} = 40</msg>
<status status="PASS" starttime="20240311 17:40:53.112" endtime="20240311 17:40:53.124"/>
</kw>
<msg timestamp="20240311 17:40:53.126" level="INFO">${count} = 40</msg>
<status status="PASS" starttime="20240311 17:40:53.089" endtime="20240311 17:40:53.135"/>
</kw>
<kw name="Log" library="BuiltIn">
<arg>CAKE say Worksheet ${sheet} has ${count} rows</arg>
<doc>Logs the given message with the given level.</doc>
<msg timestamp="20240311 17:40:53.137" level="INFO">CAKE say Worksheet โจรสลัด has 40 rows</msg>
<status status="PASS" starttime="20240311 17:40:53.136" endtime="20240311 17:40:53.137"/>
</kw>
<status status="PASS" starttime="20240311 17:40:53.089" endtime="20240311 17:40:53.137"/>
</iter>
<iter>
<var name="${sheet}">Database</var>
<kw name="Get row count in the sheet">
<var>${count}</var>
<arg>${sheet}</arg>
<kw name="Read Worksheet" library="RPA.Excel.Files">
<var>${sheet}</var>
<arg>${SHEET_NAME}</arg>
<doc>Read the content of a worksheet into a list of dictionaries.</doc>
<msg timestamp="20240311 17:40:53.155" level="INFO">${sheet} = [{'A': 'Provice', 'B': None}, {'A': 'กรุงเทพมหานคร', 'B': None}, {'A': 'กระบี่', 'B': None}, {'A': 'กาญจนบุรี', 'B': None}, {'A': 'กาฬสินธุ์', 'B': None}, {'A': 'กำแพงเพชร', 'B': None}, {'A': 'ขอนแก่น...</msg>
<status status="PASS" starttime="20240311 17:40:53.153" endtime="20240311 17:40:53.156"/>
</kw>
<kw name="Get Length" library="BuiltIn">
<var>${rows}</var>
<arg>${sheet}</arg>
<doc>Returns and logs the length of the given item as an integer.</doc>
<msg timestamp="20240311 17:40:53.157" level="INFO">Length is 78</msg>
<msg timestamp="20240311 17:40:53.157" level="INFO">${rows} = 78</msg>
<status status="PASS" starttime="20240311 17:40:53.156" endtime="20240311 17:40:53.163"/>
</kw>
<msg timestamp="20240311 17:40:53.164" level="INFO">${count} = 78</msg>
<status status="PASS" starttime="20240311 17:40:53.146" endtime="20240311 17:40:53.165"/>
</kw>
<kw name="Log" library="BuiltIn">
<arg>CAKE say Worksheet ${sheet} has ${count} rows</arg>
<doc>Logs the given message with the given level.</doc>
<msg timestamp="20240311 17:40:53.168" level="INFO">CAKE say Worksheet Database has 78 rows</msg>
<status status="PASS" starttime="20240311 17:40:53.165" endtime="20240311 17:40:53.169"/>
</kw>
<status status="PASS" starttime="20240311 17:40:53.144" endtime="20240311 17:40:53.169"/>
</iter>
<iter>
<var name="${sheet}">LeSSEx</var>
<kw name="Get row count in the sheet">
<var>${count}</var>
<arg>${sheet}</arg>
<kw name="Read Worksheet" library="RPA.Excel.Files">
<var>${sheet}</var>
<arg>${SHEET_NAME}</arg>
<doc>Read the content of a worksheet into a list of dictionaries.</doc>
<msg timestamp="20240311 17:40:53.180" level="INFO">${sheet} = [{'A': 'Nickname', 'B': 'Name', 'C': 'Lastname', 'D': 'ชื่อเล่น', 'E': 'ชื่อ', 'F': 'นามสกุล', 'G': 'Email', 'H': 'Phone Number', 'I': 'รถยนต์ (1)', 'J': None, 'K': None, 'L': 'รถยนต์ (2)', 'M': None,...</msg>
<status status="PASS" starttime="20240311 17:40:53.173" endtime="20240311 17:40:53.180"/>
</kw>
<kw name="Get Length" library="BuiltIn">
<var>${rows}</var>
<arg>${sheet}</arg>
<doc>Returns and logs the length of the given item as an integer.</doc>
<msg timestamp="20240311 17:40:53.184" level="INFO">Length is 25</msg>
<msg timestamp="20240311 17:40:53.185" level="INFO">${rows} = 25</msg>
<status status="PASS" starttime="20240311 17:40:53.181" endtime="20240311 17:40:53.185"/>
</kw>
<msg timestamp="20240311 17:40:53.185" level="INFO">${count} = 25</msg>
<status status="PASS" starttime="20240311 17:40:53.171" endtime="20240311 17:40:53.186"/>
</kw>
<kw name="Log" library="BuiltIn">
<arg>CAKE say Worksheet ${sheet} has ${count} rows</arg>
<doc>Logs the given message with the given level.</doc>
<msg timestamp="20240311 17:40:53.217" level="INFO">CAKE say Worksheet LeSSEx has 25 rows</msg>
<status status="PASS" starttime="20240311 17:40:53.186" endtime="20240311 17:40:53.218"/>
</kw>
<status status="PASS" starttime="20240311 17:40:53.170" endtime="20240311 17:40:53.218"/>
</iter>
<iter>
<var name="${sheet}">SakSiam</var>
<kw name="Get row count in the sheet">
<var>${count}</var>
<arg>${sheet}</arg>
<kw name="Read Worksheet" library="RPA.Excel.Files">
<var>${sheet}</var>
<arg>${SHEET_NAME}</arg>
<doc>Read the content of a worksheet into a list of dictionaries.</doc>
<msg timestamp="20240311 17:40:53.226" level="INFO">${sheet} = [{'A': '?', 'B': 'Name', 'C': 'Lastname', 'D': 'ชื่อเล่น', 'E': 'ชื่อ', 'F': 'นามสกุล', 'G': 'Email', 'H': 'Phone Number', 'I': 'รถยนต์ (1)', 'J': None, 'K': None, 'L': 'รถยนต์ (2)', 'M': None, 'N': N...</msg>
<status status="PASS" starttime="20240311 17:40:53.220" endtime="20240311 17:40:53.226"/>
</kw>
<kw name="Get Length" library="BuiltIn">
<var>${rows}</var>
<arg>${sheet}</arg>
<doc>Returns and logs the length of the given item as an integer.</doc>
<msg timestamp="20240311 17:40:53.227" level="INFO">Length is 40</msg>
<msg timestamp="20240311 17:40:53.227" level="INFO">${rows} = 40</msg>
<status status="PASS" starttime="20240311 17:40:53.226" endtime="20240311 17:40:53.227"/>
</kw>
<msg timestamp="20240311 17:40:53.227" level="INFO">${count} = 40</msg>
<status status="PASS" starttime="20240311 17:40:53.220" endtime="20240311 17:40:53.227"/>
</kw>
<kw name="Log" library="BuiltIn">
<arg>CAKE say Worksheet ${sheet} has ${count} rows</arg>
<doc>Logs the given message with the given level.</doc>
<msg timestamp="20240311 17:40:53.228" level="INFO">CAKE say Worksheet SakSiam has 40 rows</msg>
<status status="PASS" starttime="20240311 17:40:53.228" endtime="20240311 17:40:53.228"/>
</kw>
<status status="PASS" starttime="20240311 17:40:53.218" endtime="20240311 17:40:53.228"/>
</iter>
<iter>
<var name="${sheet}">SET-LiVE</var>
<kw name="Get row count in the sheet">
<var>${count}</var>
<arg>${sheet}</arg>
<kw name="Read Worksheet" library="RPA.Excel.Files">
<var>${sheet}</var>
<arg>${SHEET_NAME}</arg>
<doc>Read the content of a worksheet into a list of dictionaries.</doc>
<msg timestamp="20240311 17:40:53.232" level="INFO">${sheet} = [{'A': 'Nickname', 'B': 'Name', 'C': 'Lastname', 'D': 'ชื่อเล่น', 'E': 'ชื่อ', 'F': 'นามสกุล', 'G': 'Email', 'H': 'Phone Number', 'I': 'รถยนต์ (1)', 'J': None, 'K': None, 'L': 'รถยนต์ (2)', 'M': None,...</msg>
<status status="PASS" starttime="20240311 17:40:53.230" endtime="20240311 17:40:53.232"/>
</kw>
<kw name="Get Length" library="BuiltIn">
<var>${rows}</var>
<arg>${sheet}</arg>
<doc>Returns and logs the length of the given item as an integer.</doc>
<msg timestamp="20240311 17:40:53.236" level="INFO">Length is 41</msg>
<msg timestamp="20240311 17:40:53.236" level="INFO">${rows} = 41</msg>
<status status="PASS" starttime="20240311 17:40:53.232" endtime="20240311 17:40:53.236"/>
</kw>
<msg timestamp="20240311 17:40:53.237" level="INFO">${count} = 41</msg>
<status status="PASS" starttime="20240311 17:40:53.229" endtime="20240311 17:40:53.237"/>
</kw>
<kw name="Log" library="BuiltIn">
<arg>CAKE say Worksheet ${sheet} has ${count} rows</arg>
<doc>Logs the given message with the given level.</doc>
<msg timestamp="20240311 17:40:53.238" level="INFO">CAKE say Worksheet SET-LiVE has 41 rows</msg>
<status status="PASS" starttime="20240311 17:40:53.237" endtime="20240311 17:40:53.238"/>
</kw>
<status status="PASS" starttime="20240311 17:40:53.229" endtime="20240311 17:40:53.238"/>
</iter>
<iter>
<var name="${sheet}">FlatWhite</var>
<kw name="Get row count in the sheet">
<var>${count}</var>
<arg>${sheet}</arg>
<kw name="Read Worksheet" library="RPA.Excel.Files">
<var>${sheet}</var>
<arg>${SHEET_NAME}</arg>
<doc>Read the content of a worksheet into a list of dictionaries.</doc>
<msg timestamp="20240311 17:40:53.247" level="INFO">${sheet} = [{'A': 'Nickname', 'B': 'Name', 'C': 'Lastname', 'D': 'ชื่อเล่น', 'E': 'ชื่อ', 'F': 'นามสกุล', 'G': 'Email', 'H': 'Phone Number', 'I': 'รถยนต์ (1)', 'J': None, 'K': None, 'L': 'รถยนต์ (2)', 'M': None,...</msg>
<status status="PASS" starttime="20240311 17:40:53.241" endtime="20240311 17:40:53.251"/>
</kw>
<kw name="Get Length" library="BuiltIn">
<var>${rows}</var>
<arg>${sheet}</arg>
<doc>Returns and logs the length of the given item as an integer.</doc>
<msg timestamp="20240311 17:40:53.252" level="INFO">Length is 40</msg>
<msg timestamp="20240311 17:40:53.252" level="INFO">${rows} = 40</msg>
<status status="PASS" starttime="20240311 17:40:53.251" endtime="20240311 17:40:53.252"/>
</kw>
<msg timestamp="20240311 17:40:53.253" level="INFO">${count} = 40</msg>
<status status="PASS" starttime="20240311 17:40:53.240" endtime="20240311 17:40:53.254"/>
</kw>
<kw name="Log" library="BuiltIn">
<arg>CAKE say Worksheet ${sheet} has ${count} rows</arg>
<doc>Logs the given message with the given level.</doc>
<msg timestamp="20240311 17:40:53.254" level="INFO">CAKE say Worksheet FlatWhite has 40 rows</msg>
<status status="PASS" starttime="20240311 17:40:53.254" endtime="20240311 17:40:53.255"/>
</kw>
<status status="PASS" starttime="20240311 17:40:53.238" endtime="20240311 17:40:53.255"/>
</iter>
<iter>
<var name="${sheet}">XSpring</var>
<kw name="Get row count in the sheet">
<var>${count}</var>
<arg>${sheet}</arg>
<kw name="Read Worksheet" library="RPA.Excel.Files">
<var>${sheet}</var>
<arg>${SHEET_NAME}</arg>
<doc>Read the content of a worksheet into a list of dictionaries.</doc>
<msg timestamp="20240311 17:40:53.270" level="INFO">${sheet} = [{'A': 'Nickname', 'B': 'Name', 'C': 'Lastname', 'D': 'ชื่อเล่น', 'E': 'ชื่อ', 'F': 'นามสกุล', 'G': 'Email', 'H': 'Phone Number', 'I': 'รถยนต์ (1)', 'J': None, 'K': None, 'L': 'รถยนต์ (2)', 'M': None,...</msg>
<status status="PASS" starttime="20240311 17:40:53.258" endtime="20240311 17:40:53.270"/>
</kw>
<kw name="Get Length" library="BuiltIn">
<var>${rows}</var>
<arg>${sheet}</arg>
<doc>Returns and logs the length of the given item as an integer.</doc>
<msg timestamp="20240311 17:40:53.273" level="INFO">Length is 40</msg>
<msg timestamp="20240311 17:40:53.274" level="INFO">${rows} = 40</msg>
<status status="PASS" starttime="20240311 17:40:53.271" endtime="20240311 17:40:53.274"/>
</kw>
<msg timestamp="20240311 17:40:53.274" level="INFO">${count} = 40</msg>
<status status="PASS" starttime="20240311 17:40:53.256" endtime="20240311 17:40:53.274"/>
</kw>
<kw name="Log" library="BuiltIn">
<arg>CAKE say Worksheet ${sheet} has ${count} rows</arg>
<doc>Logs the given message with the given level.</doc>
<msg timestamp="20240311 17:40:53.275" level="INFO">CAKE say Worksheet XSpring has 40 rows</msg>
<status status="PASS" starttime="20240311 17:40:53.275" endtime="20240311 17:40:53.275"/>
</kw>
<status status="PASS" starttime="20240311 17:40:53.256" endtime="20240311 17:40:53.275"/>
</iter>
<iter>
<var name="${sheet}">TISCO</var>
<kw name="Get row count in the sheet">
<var>${count}</var>
<arg>${sheet}</arg>
<kw name="Read Worksheet" library="RPA.Excel.Files">
<var>${sheet}</var>
<arg>${SHEET_NAME}</arg>
<doc>Read the content of a worksheet into a list of dictionaries.</doc>
<msg timestamp="20240311 17:40:53.284" level="INFO">${sheet} = [{'A': 'Nickname', 'B': 'Name', 'C': 'Lastname', 'D': 'ชื่อเล่น', 'E': 'ชื่อ', 'F': 'นามสกุล', 'G': 'Email', 'H': 'Phone Number', 'I': 'รถยนต์ (1)', 'J': None, 'K': None, 'L': 'รถยนต์ (2)', 'M': None,...</msg>
<status status="PASS" starttime="20240311 17:40:53.279" endtime="20240311 17:40:53.285"/>
</kw>
<kw name="Get Length" library="BuiltIn">
<var>${rows}</var>
<arg>${sheet}</arg>
<doc>Returns and logs the length of the given item as an integer.</doc>
<msg timestamp="20240311 17:40:53.286" level="INFO">Length is 40</msg>
<msg timestamp="20240311 17:40:53.288" level="INFO">${rows} = 40</msg>
<status status="PASS" starttime="20240311 17:40:53.285" endtime="20240311 17:40:53.288"/>
</kw>
<msg timestamp="20240311 17:40:53.288" level="INFO">${count} = 40</msg>
<status status="PASS" starttime="20240311 17:40:53.277" endtime="20240311 17:40:53.288"/>
</kw>
<kw name="Log" library="BuiltIn">
<arg>CAKE say Worksheet ${sheet} has ${count} rows</arg>
<doc>Logs the given message with the given level.</doc>
<msg timestamp="20240311 17:40:53.292" level="INFO">CAKE say Worksheet TISCO has 40 rows</msg>
<status status="PASS" starttime="20240311 17:40:53.291" endtime="20240311 17:40:53.292"/>
</kw>
<status status="PASS" starttime="20240311 17:40:53.276" endtime="20240311 17:40:53.292"/>
</iter>
<iter>
<var name="${sheet}">MedPark</var>
<kw name="Get row count in the sheet">
<var>${count}</var>
<arg>${sheet}</arg>
<kw name="Read Worksheet" library="RPA.Excel.Files">
<var>${sheet}</var>
<arg>${SHEET_NAME}</arg>
<doc>Read the content of a worksheet into a list of dictionaries.</doc>
<msg timestamp="20240311 17:40:53.305" level="INFO">${sheet} = [{'A': 'Nickname', 'B': 'Name', 'C': 'Lastname', 'D': 'ชื่อเล่น', 'E': 'ชื่อ', 'F': 'นามสกุล', 'G': 'Email', 'H': 'Phone Number', 'I': 'รถยนต์ (1)', 'J': None, 'K': None, 'L': 'รถยนต์ (2)', 'M': None,...</msg>
<status status="PASS" starttime="20240311 17:40:53.300" endtime="20240311 17:40:53.306"/>
</kw>
<kw name="Get Length" library="BuiltIn">
<var>${rows}</var>
<arg>${sheet}</arg>
<doc>Returns and logs the length of the given item as an integer.</doc>
<msg timestamp="20240311 17:40:53.307" level="INFO">Length is 40</msg>
<msg timestamp="20240311 17:40:53.307" level="INFO">${rows} = 40</msg>
<status status="PASS" starttime="20240311 17:40:53.306" endtime="20240311 17:40:53.307"/>
</kw>
<msg timestamp="20240311 17:40:53.308" level="INFO">${count} = 40</msg>
<status status="PASS" starttime="20240311 17:40:53.293" endtime="20240311 17:40:53.308"/>
</kw>
<kw name="Log" library="BuiltIn">
<arg>CAKE say Worksheet ${sheet} has ${count} rows</arg>
<doc>Logs the given message with the given level.</doc>
<msg timestamp="20240311 17:40:53.310" level="INFO">CAKE say Worksheet MedPark has 40 rows</msg>
<status status="PASS" starttime="20240311 17:40:53.308" endtime="20240311 17:40:53.310"/>
</kw>
<status status="PASS" starttime="20240311 17:40:53.293" endtime="20240311 17:40:53.310"/>
</iter>
<iter>
<var name="${sheet}">Jago</var>
<kw name="Get row count in the sheet">
<var>${count}</var>
<arg>${sheet}</arg>
<kw name="Read Worksheet" library="RPA.Excel.Files">
<var>${sheet}</var>
<arg>${SHEET_NAME}</arg>
<doc>Read the content of a worksheet into a list of dictionaries.</doc>
<msg timestamp="20240311 17:40:53.318" level="INFO">${sheet} = [{'A': 'Nickname', 'B': 'Name', 'C': 'Lastname', 'D': 'ชื่อเล่น', 'E': 'ชื่อ', 'F': 'นามสกุล', 'G': 'Email', 'H': 'Phone Number', 'I': 'รถยนต์ (1)', 'J': None, 'K': None, 'L': 'รถยนต์ (2)', 'M': None,...</msg>
<status status="PASS" starttime="20240311 17:40:53.313" endtime="20240311 17:40:53.318"/>
</kw>
<kw name="Get Length" library="BuiltIn">
<var>${rows}</var>
<arg>${sheet}</arg>
<doc>Returns and logs the length of the given item as an integer.</doc>
<msg timestamp="20240311 17:40:53.320" level="INFO">Length is 41</msg>
<msg timestamp="20240311 17:40:53.321" level="INFO">${rows} = 41</msg>
<status status="PASS" starttime="20240311 17:40:53.318" endtime="20240311 17:40:53.321"/>
</kw>
<msg timestamp="20240311 17:40:53.322" level="INFO">${count} = 41</msg>
<status status="PASS" starttime="20240311 17:40:53.311" endtime="20240311 17:40:53.322"/>
</kw>
<kw name="Log" library="BuiltIn">
<arg>CAKE say Worksheet ${sheet} has ${count} rows</arg>
<doc>Logs the given message with the given level.</doc>
<msg timestamp="20240311 17:40:53.323" level="INFO">CAKE say Worksheet Jago has 41 rows</msg>
<status status="PASS" starttime="20240311 17:40:53.323" endtime="20240311 17:40:53.324"/>
</kw>
<status status="PASS" starttime="20240311 17:40:53.311" endtime="20240311 17:40:53.324"/>
</iter>
<iter>
<var name="${sheet}">Template</var>
<kw name="Get row count in the sheet">
<var>${count}</var>
<arg>${sheet}</arg>
<kw name="Read Worksheet" library="RPA.Excel.Files">
<var>${sheet}</var>
<arg>${SHEET_NAME}</arg>
<doc>Read the content of a worksheet into a list of dictionaries.</doc>
<msg timestamp="20240311 17:40:53.337" level="INFO">${sheet} = [{'A': 'Nickname', 'B': 'Name', 'C': 'Lastname', 'D': 'ชื่อเล่น', 'E': 'ชื่อ', 'F': 'นามสกุล', 'G': 'Email', 'H': 'Phone Number', 'I': 'รถยนต์ (1)', 'J': None, 'K': None, 'L': 'รถยนต์ (2)', 'M': None,...</msg>
<status status="PASS" starttime="20240311 17:40:53.327" endtime="20240311 17:40:53.338"/>
</kw>
<kw name="Get Length" library="BuiltIn">
<var>${rows}</var>
<arg>${sheet}</arg>
<doc>Returns and logs the length of the given item as an integer.</doc>
<msg timestamp="20240311 17:40:53.339" level="INFO">Length is 40</msg>
<msg timestamp="20240311 17:40:53.339" level="INFO">${rows} = 40</msg>
<status status="PASS" starttime="20240311 17:40:53.338" endtime="20240311 17:40:53.339"/>
</kw>
<msg timestamp="20240311 17:40:53.340" level="INFO">${count} = 40</msg>
<status status="PASS" starttime="20240311 17:40:53.325" endtime="20240311 17:40:53.340"/>
</kw>
<kw name="Log" library="BuiltIn">
<arg>CAKE say Worksheet ${sheet} has ${count} rows</arg>
<doc>Logs the given message with the given level.</doc>
<msg timestamp="20240311 17:40:53.342" level="INFO">CAKE say Worksheet Template has 40 rows</msg>
<status status="PASS" starttime="20240311 17:40:53.341" endtime="20240311 17:40:53.342"/>
</kw>
<status status="PASS" starttime="20240311 17:40:53.325" endtime="20240311 17:40:53.342"/>
</iter>
<status status="PASS" starttime="20240311 17:40:53.069" endtime="20240311 17:40:53.343"/>
</for>
<status status="PASS" starttime="20240311 17:40:52.912" endtime="20240311 17:40:53.345"/>
</test>
<status status="PASS" starttime="20240311 17:40:52.040" endtime="20240311 17:40:53.347"/>
</suite>
<statistics>
<total>
<stat pass="1" fail="0" skip="0">All Tests</stat>
</total>
<tag>
</tag>
<suite>
<stat pass="1" fail="0" skip="0" id="s1" name="workBook-test">workBook-test</stat>
</suite>
</statistics>
<errors>
</errors>
</robot>
