<?xml version="1.0" encoding="UTF-8"?>
<robot generator="Robot 6.1.1 (Python 3.11.8 on darwin)" generated="20240315 17:41:49.676" rpa="false" schemaversion="4">
<suite id="s1" name="Practing Robot 1" source="/Users/cococake/Desktop/Odds_Mar/Practing_Robot_1">
<suite id="s1-s1" name="Tests" source="/Users/cococake/Desktop/Odds_Mar/Practing_Robot_1/tests">
<suite id="s1-s1-s1" name="Api-Test" source="/Users/cococake/Desktop/Odds_Mar/Practing_Robot_1/tests/api-test">
<suite id="s1-s1-s1-s1" name="apiTest" source="/Users/cococake/Desktop/Odds_Mar/Practing_Robot_1/tests/api-test/apiTest.robot">
<test id="s1-s1-s1-s1-t1" name="POST TEST for reqres.on - 1" line="14">
<kw name="Create Dictionary" library="BuiltIn">
<var>${res}</var>
<arg>email=eve.holt@reqres.in</arg>
<arg>password=cityslicka type=json</arg>
<doc>Creates and returns a dictionary based on the given ``items``.</doc>
<msg timestamp="20240315 17:41:50.984" level="INFO">${res} = {'email': 'eve.holt@reqres.in', 'password': 'cityslicka type=json'}</msg>
<status status="PASS" starttime="20240315 17:41:50.980" endtime="20240315 17:41:50.984"/>
</kw>
<kw name="Log" library="BuiltIn">
<arg>${res}</arg>
<doc>Logs the given message with the given level.</doc>
<msg timestamp="20240315 17:41:50.987" level="INFO">{'email': 'eve.holt@reqres.in', 'password': 'cityslicka type=json'}</msg>
<status status="PASS" starttime="20240315 17:41:50.986" endtime="20240315 17:41:50.988"/>
</kw>
<kw name="POST" library="RequestsLibrary">
<var>${response}</var>
<arg>url=https://reqres.in/api/login</arg>
<arg>json=${res}</arg>
<doc>Sends a POST request.</doc>
<msg timestamp="20240315 17:41:51.586" level="INFO">POST Request : url=https://reqres.in/api/login 
 path_url=/api/login 
 headers={'User-Agent': 'python-requests/2.31.0', 'Accept-Encoding': 'gzip, deflate', 'Accept': '*/*', 'Connection': 'keep-alive', 'Content-Length': '67', 'Content-Type': 'application/json'} 
 body=b'{"email": "eve.holt@reqres.in", "password": "cityslicka type=json"}' 
 </msg>
<msg timestamp="20240315 17:41:51.587" level="INFO">POST Response : url=https://reqres.in/api/login 
 status=200, reason=OK 
 headers={'Date': 'Fri, 15 Mar 2024 10:41:51 GMT', 'Content-Type': 'application/json; charset=utf-8', 'Content-Length': '29', 'Connection': 'keep-alive', 'Report-To': '{"group":"heroku-nel","max_age":3600,"endpoints":[{"url":"https://nel.heroku.com/reports?ts=1710499311&amp;sid=c4c9725f-1ab0-44d8-820f-430df2718e11&amp;s=KsqaW1ZtXuYvtXXkN6bMfidK8mGn4O9BE8bommd%2FzCE%3D"}]}', 'Reporting-Endpoints': 'heroku-nel=https://nel.heroku.com/reports?ts=1710499311&amp;sid=c4c9725f-1ab0-44d8-820f-430df2718e11&amp;s=KsqaW1ZtXuYvtXXkN6bMfidK8mGn4O9BE8bommd%2FzCE%3D', 'Nel': '{"report_to":"heroku-nel","max_age":3600,"success_fraction":0.005,"failure_fraction":0.05,"response_headers":["Via"]}', 'X-Powered-By': 'Express', 'Access-Control-Allow-Origin': '*', 'Etag': 'W/"1d-lGCrvD6B7Qzk11+2C98+nGhhuec"', 'Via': '1.1 vegur', 'CF-Cache-Status': 'DYNAMIC', 'Server': 'cloudflare', 'CF-RAY': '864be4b71a7f7dc1-BKK'} 
 body={"token":"QpwL5tke4Pnpja7X4"} 
 </msg>
<msg timestamp="20240315 17:41:51.587" level="INFO">${response} = &lt;Response [200]&gt;</msg>
<status status="PASS" starttime="20240315 17:41:50.989" endtime="20240315 17:41:51.589"/>
</kw>
<kw name="Log" library="BuiltIn">
<arg>${response.json()}</arg>
<doc>Logs the given message with the given level.</doc>
<msg timestamp="20240315 17:41:51.592" level="INFO">{'token': 'QpwL5tke4Pnpja7X4'}</msg>
<status status="PASS" starttime="20240315 17:41:51.590" endtime="20240315 17:41:51.592"/>
</kw>
<kw name="Set Variable" library="BuiltIn">
<var>${token}</var>
<arg>${response.json()}[token]</arg>
<doc>Returns the given values which can then be assigned to a variables.</doc>
<msg timestamp="20240315 17:41:51.596" level="INFO">${token} = QpwL5tke4Pnpja7X4</msg>
<status status="PASS" starttime="20240315 17:41:51.594" endtime="20240315 17:41:51.597"/>
</kw>
<kw name="Log" library="BuiltIn">
<arg>${token}</arg>
<doc>Logs the given message with the given level.</doc>
<msg timestamp="20240315 17:41:51.599" level="INFO">QpwL5tke4Pnpja7X4</msg>
<status status="PASS" starttime="20240315 17:41:51.598" endtime="20240315 17:41:51.599"/>
</kw>
<status status="PASS" starttime="20240315 17:41:50.978" endtime="20240315 17:41:51.600"/>
</test>
<status status="PASS" starttime="20240315 17:41:49.800" endtime="20240315 17:41:51.602"/>
</suite>
<status status="PASS" starttime="20240315 17:41:49.798" endtime="20240315 17:41:51.606"/>
</suite>
<status status="PASS" starttime="20240315 17:41:49.793" endtime="20240315 17:41:51.610"/>
</suite>
<status status="PASS" starttime="20240315 17:41:49.686" endtime="20240315 17:41:51.615"/>
</suite>
<statistics>
<total>
<stat pass="1" fail="0" skip="0">All Tests</stat>
</total>
<tag>
</tag>
<suite>
<stat pass="1" fail="0" skip="0" id="s1" name="Practing Robot 1">Practing Robot 1</stat>
<stat pass="1" fail="0" skip="0" id="s1-s1" name="Tests">Practing Robot 1.Tests</stat>
<stat pass="1" fail="0" skip="0" id="s1-s1-s1" name="Api-Test">Practing Robot 1.Tests.Api-Test</stat>
<stat pass="1" fail="0" skip="0" id="s1-s1-s1-s1" name="apiTest">Practing Robot 1.Tests.Api-Test.apiTest</stat>
</suite>
</statistics>
<errors>
</errors>
</robot>
