<?xml version="1.0" encoding="UTF-8"?>
<robot generator="Robot 6.1.1 (Python 3.11.8 on darwin)" generated="20240307 16:28:50.856" rpa="false" schemaversion="4">
<suite id="s1" name="Practing Robot 1" source="/Users/cococake/Desktop/Odds_Mar/Practing_Robot_1">
<suite id="s1-s1" name="Test" source="/Users/cococake/Desktop/Odds_Mar/Practing_Robot_1/test">
<suite id="s1-s1-s1" name="apiTest" source="/Users/cococake/Desktop/Odds_Mar/Practing_Robot_1/test/apiTest.robot">
<test id="s1-s1-s1-t1" name="Get Weather3Hours Should Success and return data" line="21">
<kw name="Create Dictionary" library="BuiltIn">
<var>&amp;{params}</var>
<arg>type=json</arg>
<doc>Creates and returns a dictionary based on the given ``items``.</doc>
<msg timestamp="20240307 16:28:51.895" level="INFO">&amp;{params} = { type=json }</msg>
<status status="PASS" starttime="20240307 16:28:51.895" endtime="20240307 16:28:51.895"/>
</kw>
<kw name="Get Weather3Hours">
<var>${resp}</var>
<arg>${params}</arg>
<kw name="Create Session" library="RequestsLibrary">
<arg>tmd</arg>
<arg>${url}</arg>
<doc>Create Session: create a HTTP session to a server</doc>
<msg timestamp="20240307 16:28:51.898" level="INFO">Creating Session using : alias=tmd, url=http://data.tmd.go.th/api, headers={},                     cookies={}, auth=None, timeout=None, proxies=None, verify=False,                     debug=0 </msg>
<status status="PASS" starttime="20240307 16:28:51.897" endtime="20240307 16:28:51.899"/>
</kw>
<kw name="GET On Session" library="RequestsLibrary">
<var>${resp}</var>
<arg>tmd</arg>
<arg>/Weather3Hours/V1</arg>
<arg>params=${params}</arg>
<doc>Sends a GET request on a previously created HTTP Session.</doc>
<msg timestamp="20240307 16:29:07.456" level="INFO">GET Request : url=http://data.tmd.go.th/api/Weather3Hours/V1?type=json (redirected) 
 path_url=/api/Weather3Hours/V1?type=json 
 headers={'User-Agent': 'python-requests/2.31.0', 'Accept-Encoding': 'gzip, deflate', 'Accept': '*/*', 'Connection': 'keep-alive'} 
 body=None 
 </msg>
<msg timestamp="20240307 16:29:07.456" level="INFO">GET Response : url=https://data.tmd.go.th/api/Weather3Hours/V1?type=json 
 status=500, reason=Internal Server Error 
 headers={'Cache-Control': 'no-cache', 'Pragma': 'no-cache', 'Content-Type': 'application/json; charset=utf-8', 'Expires': '-1', 'Server': 'Microsoft-IIS/8.5', 'X-AspNet-Version': '4.0.30319', 'X-Powered-By': 'ASP.NET', 'Date': 'Thu, 07 Mar 2024 09:29:32 GMT', 'Content-Length': '36'} 
 body={"Message":"An error has occurred."} 
 </msg>
<msg timestamp="20240307 16:29:07.456" level="INFO">/Users/cococake/Desktop/Odds_Mar/Practing_Robot_1/.venv/lib/python3.11/site-packages/urllib3/connectionpool.py:1103: InsecureRequestWarning: Unverified HTTPS request is being made to host 'data.tmd.go.th'. Adding certificate verification is strongly advised. See: https://urllib3.readthedocs.io/en/latest/advanced-usage.html#tls-warnings
  warnings.warn(</msg>
<msg timestamp="20240307 16:29:07.457" level="FAIL">HTTPError: 500 Server Error: Internal Server Error for url: https://data.tmd.go.th/api/Weather3Hours/V1?type=json</msg>
<status status="FAIL" starttime="20240307 16:28:51.899" endtime="20240307 16:29:07.467"/>
</kw>
<kw name="Return From Keyword" library="BuiltIn">
<arg>${resp}</arg>
<doc>Returns from the enclosing user keyword.</doc>
<status status="NOT RUN" starttime="20240307 16:29:07.468" endtime="20240307 16:29:07.468"/>
</kw>
<status status="FAIL" starttime="20240307 16:28:51.896" endtime="20240307 16:29:07.468"/>
</kw>
<kw name="Response Status should be Success">
<arg>${resp}</arg>
<status status="NOT RUN" starttime="20240307 16:29:07.469" endtime="20240307 16:29:07.469"/>
</kw>
<status status="FAIL" starttime="20240307 16:28:51.894" endtime="20240307 16:29:07.469">HTTPError: 500 Server Error: Internal Server Error for url: https://data.tmd.go.th/api/Weather3Hours/V1?type=json</status>
</test>
<status status="FAIL" starttime="20240307 16:28:50.946" endtime="20240307 16:29:07.470"/>
</suite>
<status status="FAIL" starttime="20240307 16:28:50.941" endtime="20240307 16:29:07.471"/>
</suite>
<status status="FAIL" starttime="20240307 16:28:50.873" endtime="20240307 16:29:07.472"/>
</suite>
<statistics>
<total>
<stat pass="0" fail="1" skip="0">All Tests</stat>
</total>
<tag>
</tag>
<suite>
<stat pass="0" fail="1" skip="0" id="s1" name="Practing Robot 1">Practing Robot 1</stat>
<stat pass="0" fail="1" skip="0" id="s1-s1" name="Test">Practing Robot 1.Test</stat>
<stat pass="0" fail="1" skip="0" id="s1-s1-s1" name="apiTest">Practing Robot 1.Test.apiTest</stat>
</suite>
</statistics>
<errors>
</errors>
</robot>
